<?xml version="1.0" encoding="UTF-8" standalone="no"?>
<testsuite errors="0" failures="0" name="io.cucumber.core.plugin.JUnitFormatter" skipped="0" tests="1" time="26.757">
    <testcase classname="MyAccount-Login Feature" name="Login With valid username and password" time="26.473">
        <system-out><![CDATA[Given Open Browser..........................................................passed
When Enter the url "https://practice.automationtesting.in/".................passed
And Click on My Account menu................................................passed
And Enter registered username and password..................................passed
And Click on login button...................................................passed
Then User must successfully login to the webpage............................passed
]]></system-out>
    </testcase>
</testsuite>
