<?xml version="1.0" encoding="UTF-8" standalone="no"?>
<testsuite errors="0" failures="1" name="io.cucumber.core.plugin.JUnitFormatter" skipped="0" tests="1" time="20.537">
    <testcase classname="MyAccount-Login Feature" name="Login With valid username and password" time="20.18">
        <failure message="expected:&lt;true&gt; but was:&lt;false&gt;" type="java.lang.AssertionError"><![CDATA[Given Open Browser..........................................................passed
When Enter the url "https://practice.automationtesting.in/".................passed
And Click on My Account menu................................................passed
And Enter registered username and password..................................passed
And Click on login button...................................................passed
Then User must successfully login to the webpage............................failed

StackTrace:
java.lang.AssertionError: expected:<true> but was:<false>
	at org.junit.Assert.fail(Assert.java:89)
	at org.junit.Assert.failNotEquals(Assert.java:835)
	at org.junit.Assert.assertEquals(Assert.java:120)
	at org.junit.Assert.assertEquals(Assert.java:146)
	at StepDefination.MyAccountLoginStepDefination.user_must_successfully_login_to_the_webpage(MyAccountLoginStepDefination.java:79)
	at ✽.User must successfully login to the webpage(file:///C:/Users/User/eclipse-workspace/CucumberBasic/Features/MyAccountLogin.feature:86)
]]></failure>
    </testcase>
</testsuite>
